<?xml version="1.0" encoding="UTF-8"?>
<testng-results ignored="0" total="1" passed="1" failed="0" skipped="0">
  <reporter-output>
  </reporter-output>
  <suite started-at="2022-06-19T14:23:46Z" name="Default suite" finished-at="2022-06-19T14:23:51Z" duration-ms="5157">
    <groups>
    </groups>
    <test started-at="2022-06-19T14:23:46Z" name="Default test" finished-at="2022-06-19T14:23:51Z" duration-ms="5157">
      <class name="API_Chaining.EndToEndTest">
        <test-method signature="test1()[pri:0, instance:API_Chaining.EndToEndTest@d278d2b]" started-at="2022-06-19T14:23:46Z" name="test1" finished-at="2022-06-19T14:23:51Z" duration-ms="5137" status="PASS">
          <reporter-output>
          </reporter-output>
        </test-method> <!-- test1 -->
      </class> <!-- API_Chaining.EndToEndTest -->
    </test> <!-- Default test -->
  </suite> <!-- Default suite -->
</testng-results>
